[1/6] Loading data...
   Loaded: 61,224 rows, 240 sensors

[2/6] Random 80/20 split...
   MLR        R^2=0.588 RMSE=3.608 (0.0s)
   RF         R^2=0.717 RMSE=2.987 (11.0s)
   LightGBM   R^2=0.827 RMSE=2.336 (4.9s)
   XGBoost    R^2=0.836 RMSE=2.278 (2.1s)
   SVR        R^2=0.479 RMSE=4.059 (8.3s)
   Ensemble   R^2=0.810 RMSE=2.450

[3/6] 240-fold LOSO-CV (MLR/RF/LGBM/XGB, 30k train subsample per fold, reduced n_est)...
   fold 1/240  XGB=0.472 Ens=0.469  (6s)
   fold 10/240  XGB=0.370 Ens=0.410  (70s)
   fold 20/240  XGB=0.535 Ens=0.533  (129s)
   fold 30/240  XGB=0.423 Ens=0.472  (177s)
   fold 40/240  XGB=0.462 Ens=0.496  (228s)
   fold 50/240  XGB=0.494 Ens=0.517  (276s)
   fold 60/240  XGB=0.510 Ens=0.527  (326s)
   fold 70/240  XGB=0.502 Ens=0.517  (376s)
   fold 80/240  XGB=0.505 Ens=0.516  (426s)
   fold 90/240  XGB=0.509 Ens=0.514  (481s)
   fold 100/240  XGB=0.513 Ens=0.514  (534s)
   fold 110/240  XGB=0.515 Ens=0.516  (584s)
   fold 120/240  XGB=0.522 Ens=0.519  (635s)
   fold 130/240  XGB=0.531 Ens=0.527  (685s)
   fold 140/240  XGB=0.530 Ens=0.525  (739s)
   fold 150/240  XGB=0.535 Ens=0.528  (790s)
   fold 160/240  XGB=0.521 Ens=0.522  (840s)
   fold 170/240  XGB=0.526 Ens=0.526  (888s)
   fold 180/240  XGB=0.534 Ens=0.533  (939s)
   fold 190/240  XGB=0.535 Ens=0.532  (989s)
   fold 200/240  XGB=0.539 Ens=0.535  (1039s)
   fold 210/240  XGB=0.544 Ens=0.539  (1089s)
   fold 220/240  XGB=0.550 Ens=0.545  (1138s)
   fold 230/240  XGB=0.555 Ens=0.549  (1186s)
   fold 240/240  XGB=0.555 Ens=0.549  (1231s)
   LOSO total: 1231s

[4/6] Aggregating LOSO results...
   MLR        R^2=0.248±0.180 RMSE=3.257
   RF         R^2=0.426±0.219 RMSE=2.829
   LightGBM   R^2=0.571±0.324 RMSE=2.389
   XGBoost    R^2=0.555±0.385 RMSE=2.414
   Ensemble   R^2=0.549±0.260 RMSE=2.477
   Pooled Ensemble: R^2=0.723 RMSE=2.859 MAE=1.821

[5/6] Feature importance (LightGBM full-data fit)...
   day_of_year            4006
   dow                    1541
   pm25_lag1              1294
   pressure               1237
   temperature            1102

[6/6] EJ analysis...
   r=0.761, p=1.12e-46, n=240
   exceed by Q: {'1': 0.0, '2': 0.01694915254237288, '3': 0.3870967741935484, '4': 0.7719298245614035}

✓ Saved → /Users/sakethchebrolu/Documents/Shared Skies Initiative/my-first-project/paper/figures/results.json
